<?xml version="1.0" encoding="UTF-8"?>
<!-- Generated by org.testng.reporters.JUnitReportReporter -->
<testsuite skipped="0" hostname="Ritishas-MacBook-Pro.local" name="com.crm.qa.testcases.HomePageTest" tests="3" failures="0" timestamp="16 Sep 2018 18:28:54 GMT" time="14.678" errors="0">
  <testcase name="verifyHomePageTitleTest" time="4.302" classname="com.crm.qa.testcases.HomePageTest"/>
  <testcase name="verifyUserNameTest" time="5.017" classname="com.crm.qa.testcases.HomePageTest"/>
  <testcase name="verifyContactsLinkTest" time="5.359" classname="com.crm.qa.testcases.HomePageTest"/>
</testsuite> <!-- com.crm.qa.testcases.HomePageTest -->
